# JRE version: OpenJDK Runtime Environment (11.0.13) (build 11.0.13+0-b1751.21-8125866)
# Java VM: OpenJDK 64-Bit Server VM (11.0.13+0-b1751.21-8125866, mixed mode, tiered, compressed oops, g1 gc, windows-amd64)
Heap:
 garbage-first heap   total 897024K, used 197395K [0x0000000080000000, 0x0000000100000000)
  region size 1024K, 5 young (5120K), 5 survivors (5120K)
 Metaspace       used 107733K, capacity 110420K, committed 110544K, reserved 1144832K
  class space    used 13917K, capacity 14958K, committed 14976K, reserved 1048576K
GC Heap History (20 events):
Event: 76.172 GC heap after
{Heap after GC invocations=60 (full 0):
 garbage-first heap   total 138240K, used 126756K [0x0000000080000000, 0x0000000100000000)
  region size 1024K, 1 young (1024K), 1 survivors (1024K)
 Metaspace       used 101952K, capacity 104128K, committed 104272K, reserved 1140736K
  class space    used 12935K, capacity 13739K, committed 13824K, reserved 1048576K
}
Event: 76.191 GC heap before
{Heap before GC invocations=60 (full 0):
 garbage-first heap   total 138240K, used 131876K [0x0000000080000000, 0x0000000100000000)
  region size 1024K, 6 young (6144K), 1 survivors (1024K)
 Metaspace       used 101954K, capacity 104192K, committed 104528K, reserved 1140736K
  class space    used 12935K, capacity 13739K, committed 13824K, reserved 1048576K
}
Event: 76.196 GC heap after
{Heap after GC invocations=61 (full 0):
 garbage-first heap   total 138240K, used 129111K [0x0000000080000000, 0x0000000100000000)
  region size 1024K, 1 young (1024K), 1 survivors (1024K)
 Metaspace       used 101954K, capacity 104192K, committed 104528K, reserved 1140736K
  class space    used 12935K, capacity 13739K, committed 13824K, reserved 1048576K
}
Event: 76.221 GC heap before
{Heap before GC invocations=61 (full 0):
 garbage-first heap   total 138240K, used 134231K [0x0000000080000000, 0x0000000100000000)
  region size 1024K, 6 young (6144K), 1 survivors (1024K)
 Metaspace       used 102012K, capacity 104219K, committed 104528K, reserved 1140736K
  class space    used 12946K, capacity 13751K, committed 13824K, reserved 1048576K
}
Event: 76.226 GC heap after
{Heap after GC invocations=62 (full 0):
 garbage-first heap   total 138240K, used 131162K [0x0000000080000000, 0x0000000100000000)
  region size 1024K, 1 young (1024K), 1 survivors (1024K)
 Metaspace       used 102012K, capacity 104219K, committed 104528K, reserved 1140736K
  class space    used 12946K, capacity 13751K, committed 13824K, reserved 1048576K
}
Event: 76.248 GC heap before
{Heap before GC invocations=62 (full 0):
 garbage-first heap   total 138240K, used 136282K [0x0000000080000000, 0x0000000100000000)
  region size 1024K, 6 young (6144K), 1 survivors (1024K)
 Metaspace       used 102014K, capacity 104219K, committed 104528K, reserved 1140736K
  class space    used 12946K, capacity 13751K, committed 13824K, reserved 1048576K
}
Event: 76.252 GC heap after
{Heap after GC invocations=63 (full 0):
 garbage-first heap   total 139264K, used 133090K [0x0000000080000000, 0x0000000100000000)
  region size 1024K, 1 young (1024K), 1 survivors (1024K)
 Metaspace       used 102014K, capacity 104219K, committed 104528K, reserved 1140736K
  class space    used 12946K, capacity 13751K, committed 13824K, reserved 1048576K
}
Event: 76.281 GC heap before
{Heap before GC invocations=63 (full 0):
 garbage-first heap   total 139264K, used 139234K [0x0000000080000000, 0x0000000100000000)
  region size 1024K, 6 young (6144K), 1 survivors (1024K)
 Metaspace       used 102014K, capacity 104219K, committed 104528K, reserved 1140736K
  class space    used 12946K, capacity 13751K, committed 13824K, reserved 1048576K
}
Event: 76.286 GC heap after
{Heap after GC invocations=64 (full 0):
 garbage-first heap   total 143360K, used 136345K [0x0000000080000000, 0x0000000100000000)
  region size 1024K, 1 young (1024K), 1 survivors (1024K)
 Metaspace       used 102014K, capacity 104219K, committed 104528K, reserved 1140736K
  class space    used 12946K, capacity 13751K, committed 13824K, reserved 1048576K
}
Event: 76.325 GC heap before
{Heap before GC invocations=64 (full 0):
 garbage-first heap   total 143360K, used 141465K [0x0000000080000000, 0x0000000100000000)
  region size 1024K, 7 young (7168K), 1 survivors (1024K)
 Metaspace       used 102014K, capacity 104219K, committed 104528K, reserved 1140736K
  class space    used 12946K, capacity 13751K, committed 13824K, reserved 1048576K
}
Event: 76.332 GC heap after
{Heap after GC invocations=65 (full 0):
 garbage-first heap   total 146432K, used 138954K [0x0000000080000000, 0x0000000100000000)
  region size 1024K, 1 young (1024K), 1 survivors (1024K)
 Metaspace       used 102014K, capacity 104219K, committed 104528K, reserved 1140736K
  class space    used 12946K, capacity 13751K, committed 13824K, reserved 1048576K
}
Event: 76.500 GC heap before
{Heap before GC invocations=66 (full 0):
 garbage-first heap   total 146432K, used 146122K [0x0000000080000000, 0x0000000100000000)
  region size 1024K, 7 young (7168K), 1 survivors (1024K)
 Metaspace       used 102907K, capacity 105193K, committed 105296K, reserved 1140736K
  class space    used 13101K, capacity 13978K, committed 14080K, reserved 1048576K
}
Event: 76.511 GC heap after
{Heap after GC invocations=67 (full 0):
 garbage-first heap   total 299008K, used 141810K [0x0000000080000000, 0x0000000100000000)
  region size 1024K, 1 young (1024K), 1 survivors (1024K)
 Metaspace       used 102907K, capacity 105193K, committed 105296K, reserved 1140736K
  class space    used 13101K, capacity 13978K, committed 14080K, reserved 1048576K
}
Event: 76.815 GC heap before
{Heap before GC invocations=67 (full 0):
 garbage-first heap   total 299008K, used 184818K [0x0000000080000000, 0x0000000100000000)
  region size 1024K, 43 young (44032K), 1 survivors (1024K)
 Metaspace       used 104637K, capacity 107004K, committed 107216K, reserved 1142784K
  class space    used 13477K, capacity 14382K, committed 14464K, reserved 1048576K
}
Event: 76.896 GC heap after
{Heap after GC invocations=68 (full 0):
 garbage-first heap   total 299008K, used 160754K [0x0000000080000000, 0x0000000100000000)
  region size 1024K, 6 young (6144K), 6 survivors (6144K)
 Metaspace       used 104637K, capacity 107004K, committed 107216K, reserved 1142784K
  class space    used 13477K, capacity 14382K, committed 14464K, reserved 1048576K
}
Event: 76.979 GC heap before
{Heap before GC invocations=68 (full 0):
 garbage-first heap   total 299008K, used 199666K [0x0000000080000000, 0x0000000100000000)
  region size 1024K, 44 young (45056K), 6 survivors (6144K)
 Metaspace       used 104672K, capacity 107010K, committed 107216K, reserved 1142784K
  class space    used 13477K, capacity 14382K, committed 14464K, reserved 1048576K
}
Event: 77.014 GC heap after
{Heap after GC invocations=69 (full 0):
 garbage-first heap   total 299008K, used 181017K [0x0000000080000000, 0x0000000100000000)
  region size 1024K, 6 young (6144K), 6 survivors (6144K)
 Metaspace       used 104672K, capacity 107010K, committed 107216K, reserved 1142784K
  class space    used 13477K, capacity 14382K, committed 14464K, reserved 1048576K
}
Event: 77.773 GC heap before
{Heap before GC invocations=69 (full 0):
 garbage-first heap   total 299008K, used 213785K [0x0000000080000000, 0x0000000100000000)
  region size 1024K, 39 young (39936K), 6 survivors (6144K)
 Metaspace       used 106812K, capacity 109303K, committed 109648K, reserved 1144832K
  class space    used 13781K, capacity 14737K, committed 14848K, reserved 1048576K
}
Event: 77.978 GC heap after
{Heap after GC invocations=70 (full 0):
 garbage-first heap   total 299008K, used 191910K [0x0000000080000000, 0x0000000100000000)
  region size 1024K, 5 young (5120K), 5 survivors (5120K)
 Metaspace       used 106812K, capacity 109303K, committed 109648K, reserved 1144832K
  class space    used 13781K, capacity 14737K, committed 14848K, reserved 1048576K
}
Event: 78.282 GC heap before
{Heap before GC invocations=70 (full 0):
 garbage-first heap   total 299008K, used 223654K [0x0000000080000000, 0x0000000100000000)
  region size 1024K, 36 young (36864K), 5 survivors (5120K)
 Metaspace       used 107733K, capacity 110420K, committed 110544K, reserved 1144832K
  class space    used 13917K, capacity 14958K, committed 14976K, reserved 1048576K
}

