# JRE version: OpenJDK Runtime Environment (11.0.13) (build 11.0.13+0-b1751.21-8125866)
# Java VM: OpenJDK 64-Bit Server VM (11.0.13+0-b1751.21-8125866, mixed mode, tiered, compressed oops, g1 gc, windows-amd64)
Heap:
 garbage-first heap   total 262144K, used 180440K [0x0000000080000000, 0x0000000100000000)
  region size 1024K, 57 young (58368K), 2 survivors (2048K)
 Metaspace       used 135276K, capacity 139326K, committed 139560K, reserved 1171456K
  class space    used 16384K, capacity 17890K, committed 18124K, reserved 1048576K
GC Heap History (20 events):
Event: 1241.780 GC heap before
{Heap before GC invocations=210 (full 0):
 garbage-first heap   total 262144K, used 139472K [0x0000000080000000, 0x0000000100000000)
  region size 1024K, 28 young (28672K), 2 survivors (2048K)
 Metaspace       used 134851K, capacity 138989K, committed 139304K, reserved 1171456K
  class space    used 16383K, capacity 17890K, committed 18124K, reserved 1048576K
}
Event: 1241.785 GC heap after
{Heap after GC invocations=211 (full 0):
 garbage-first heap   total 262144K, used 114580K [0x0000000080000000, 0x0000000100000000)
  region size 1024K, 2 young (2048K), 2 survivors (2048K)
 Metaspace       used 134851K, capacity 138989K, committed 139304K, reserved 1171456K
  class space    used 16383K, capacity 17890K, committed 18124K, reserved 1048576K
}
Event: 1281.411 GC heap before
{Heap before GC invocations=212 (full 0):
 garbage-first heap   total 262144K, used 210836K [0x0000000080000000, 0x0000000100000000)
  region size 1024K, 84 young (86016K), 2 survivors (2048K)
 Metaspace       used 134945K, capacity 139056K, committed 139304K, reserved 1171456K
  class space    used 16383K, capacity 17890K, committed 18124K, reserved 1048576K
}
Event: 1281.426 GC heap after
{Heap after GC invocations=213 (full 0):
 garbage-first heap   total 262144K, used 138604K [0x0000000080000000, 0x0000000100000000)
  region size 1024K, 11 young (11264K), 11 survivors (11264K)
 Metaspace       used 134945K, capacity 139056K, committed 139304K, reserved 1171456K
  class space    used 16383K, capacity 17890K, committed 18124K, reserved 1048576K
}
Event: 1281.430 GC heap before
{Heap before GC invocations=213 (full 0):
 garbage-first heap   total 262144K, used 140652K [0x0000000080000000, 0x0000000100000000)
  region size 1024K, 12 young (12288K), 11 survivors (11264K)
 Metaspace       used 134945K, capacity 139056K, committed 139304K, reserved 1171456K
  class space    used 16383K, capacity 17890K, committed 18124K, reserved 1048576K
}
Event: 1281.441 GC heap after
{Heap after GC invocations=214 (full 0):
 garbage-first heap   total 262144K, used 134041K [0x0000000080000000, 0x0000000100000000)
  region size 1024K, 1 young (1024K), 1 survivors (1024K)
 Metaspace       used 134945K, capacity 139056K, committed 139304K, reserved 1171456K
  class space    used 16383K, capacity 17890K, committed 18124K, reserved 1048576K
}
Event: 1281.442 GC heap before
{Heap before GC invocations=214 (full 0):
 garbage-first heap   total 262144K, used 134041K [0x0000000080000000, 0x0000000100000000)
  region size 1024K, 2 young (2048K), 1 survivors (1024K)
 Metaspace       used 134945K, capacity 139056K, committed 139304K, reserved 1171456K
  class space    used 16383K, capacity 17890K, committed 18124K, reserved 1048576K
}
Event: 1281.447 GC heap after
{Heap after GC invocations=215 (full 0):
 garbage-first heap   total 262144K, used 133830K [0x0000000080000000, 0x0000000100000000)
  region size 1024K, 1 young (1024K), 1 survivors (1024K)
 Metaspace       used 134945K, capacity 139056K, committed 139304K, reserved 1171456K
  class space    used 16383K, capacity 17890K, committed 18124K, reserved 1048576K
}
Event: 1282.696 GC heap before
{Heap before GC invocations=216 (full 0):
 garbage-first heap   total 262144K, used 216774K [0x0000000080000000, 0x0000000100000000)
  region size 1024K, 68 young (69632K), 1 survivors (1024K)
 Metaspace       used 135013K, capacity 139127K, committed 139560K, reserved 1171456K
  class space    used 16383K, capacity 17890K, committed 18124K, reserved 1048576K
}
Event: 1282.700 GC heap after
{Heap after GC invocations=217 (full 0):
 garbage-first heap   total 262144K, used 139855K [0x0000000080000000, 0x0000000100000000)
  region size 1024K, 5 young (5120K), 5 survivors (5120K)
 Metaspace       used 135013K, capacity 139127K, committed 139560K, reserved 1171456K
  class space    used 16383K, capacity 17890K, committed 18124K, reserved 1048576K
}
Event: 1302.305 GC heap before
{Heap before GC invocations=217 (full 0):
 garbage-first heap   total 262144K, used 157263K [0x0000000080000000, 0x0000000100000000)
  region size 1024K, 12 young (12288K), 5 survivors (5120K)
 Metaspace       used 135022K, capacity 139128K, committed 139560K, reserved 1171456K
  class space    used 16383K, capacity 17890K, committed 18124K, reserved 1048576K
}
Event: 1302.308 GC heap after
{Heap after GC invocations=218 (full 0):
 garbage-first heap   total 262144K, used 128249K [0x0000000080000000, 0x0000000100000000)
  region size 1024K, 1 young (1024K), 1 survivors (1024K)
 Metaspace       used 135022K, capacity 139128K, committed 139560K, reserved 1171456K
  class space    used 16383K, capacity 17890K, committed 18124K, reserved 1048576K
}
Event: 1458.240 GC heap before
{Heap before GC invocations=218 (full 0):
 garbage-first heap   total 262144K, used 172281K [0x0000000080000000, 0x0000000100000000)
  region size 1024K, 46 young (47104K), 1 survivors (1024K)
 Metaspace       used 135158K, capacity 139257K, committed 139560K, reserved 1171456K
  class space    used 16384K, capacity 17890K, committed 18124K, reserved 1048576K
}
Event: 1458.249 GC heap after
{Heap after GC invocations=219 (full 0):
 garbage-first heap   total 262144K, used 133024K [0x0000000080000000, 0x0000000100000000)
  region size 1024K, 6 young (6144K), 6 survivors (6144K)
 Metaspace       used 135158K, capacity 139257K, committed 139560K, reserved 1171456K
  class space    used 16384K, capacity 17890K, committed 18124K, reserved 1048576K
}
Event: 1459.487 GC heap before
{Heap before GC invocations=220 (full 0):
 garbage-first heap   total 262144K, used 207776K [0x0000000080000000, 0x0000000100000000)
  region size 1024K, 79 young (80896K), 6 survivors (6144K)
 Metaspace       used 135188K, capacity 139259K, committed 139560K, reserved 1171456K
  class space    used 16384K, capacity 17890K, committed 18124K, reserved 1048576K
}
Event: 1459.494 GC heap after
{Heap after GC invocations=221 (full 0):
 garbage-first heap   total 262144K, used 119356K [0x0000000080000000, 0x0000000100000000)
  region size 1024K, 5 young (5120K), 5 survivors (5120K)
 Metaspace       used 135188K, capacity 139259K, committed 139560K, reserved 1171456K
  class space    used 16384K, capacity 17890K, committed 18124K, reserved 1048576K
}
Event: 1459.505 GC heap before
{Heap before GC invocations=221 (full 0):
 garbage-first heap   total 262144K, used 125500K [0x0000000080000000, 0x0000000100000000)
  region size 1024K, 12 young (12288K), 5 survivors (5120K)
 Metaspace       used 135189K, capacity 139259K, committed 139560K, reserved 1171456K
  class space    used 16384K, capacity 17890K, committed 18124K, reserved 1048576K
}
Event: 1459.514 GC heap after
{Heap after GC invocations=222 (full 0):
 garbage-first heap   total 262144K, used 114425K [0x0000000080000000, 0x0000000100000000)
  region size 1024K, 2 young (2048K), 2 survivors (2048K)
 Metaspace       used 135189K, capacity 139259K, committed 139560K, reserved 1171456K
  class space    used 16384K, capacity 17890K, committed 18124K, reserved 1048576K
}
Event: 1459.641 GC heap before
{Heap before GC invocations=222 (full 0):
 garbage-first heap   total 262144K, used 139001K [0x0000000080000000, 0x0000000100000000)
  region size 1024K, 28 young (28672K), 2 survivors (2048K)
 Metaspace       used 135210K, capacity 139324K, committed 139560K, reserved 1171456K
  class space    used 16384K, capacity 17890K, committed 18124K, reserved 1048576K
}
Event: 1459.645 GC heap after
{Heap after GC invocations=223 (full 0):
 garbage-first heap   total 262144K, used 113880K [0x0000000080000000, 0x0000000100000000)
  region size 1024K, 2 young (2048K), 2 survivors (2048K)
 Metaspace       used 135210K, capacity 139324K, committed 139560K, reserved 1171456K
  class space    used 16384K, capacity 17890K, committed 18124K, reserved 1048576K
}

