# JRE version: OpenJDK Runtime Environment (11.0.13) (build 11.0.13+0-b1751.21-8125866)
# Java VM: OpenJDK 64-Bit Server VM (11.0.13+0-b1751.21-8125866, mixed mode, tiered, compressed oops, g1 gc, windows-amd64)
Heap:
 garbage-first heap   total 631808K, used 230499K [0x0000000080000000, 0x0000000100000000)
  region size 1024K, 8 young (8192K), 8 survivors (8192K)
 Metaspace       used 107324K, capacity 110065K, committed 110160K, reserved 1144832K
  class space    used 13933K, capacity 14981K, committed 15052K, reserved 1048576K
GC Heap History (20 events):
Event: 33.724 GC heap after
{Heap after GC invocations=51 (full 0):
 garbage-first heap   total 188416K, used 143568K [0x0000000080000000, 0x0000000100000000)
  region size 1024K, 2 young (2048K), 2 survivors (2048K)
 Metaspace       used 96313K, capacity 98591K, committed 98640K, reserved 1134592K
  class space    used 12561K, capacity 13474K, committed 13516K, reserved 1048576K
}
Event: 33.759 GC heap before
{Heap before GC invocations=51 (full 0):
 garbage-first heap   total 188416K, used 153808K [0x0000000080000000, 0x0000000100000000)
  region size 1024K, 12 young (12288K), 2 survivors (2048K)
 Metaspace       used 96333K, capacity 98591K, committed 98640K, reserved 1134592K
  class space    used 12561K, capacity 13474K, committed 13516K, reserved 1048576K
}
Event: 33.766 GC heap after
{Heap after GC invocations=52 (full 0):
 garbage-first heap   total 188416K, used 149370K [0x0000000080000000, 0x0000000100000000)
  region size 1024K, 2 young (2048K), 2 survivors (2048K)
 Metaspace       used 96333K, capacity 98591K, committed 98640K, reserved 1134592K
  class space    used 12561K, capacity 13474K, committed 13516K, reserved 1048576K
}
Event: 33.789 GC heap before
{Heap before GC invocations=52 (full 0):
 garbage-first heap   total 188416K, used 157562K [0x0000000080000000, 0x0000000100000000)
  region size 1024K, 10 young (10240K), 2 survivors (2048K)
 Metaspace       used 96335K, capacity 98591K, committed 98640K, reserved 1134592K
  class space    used 12561K, capacity 13474K, committed 13516K, reserved 1048576K
}
Event: 33.797 GC heap after
{Heap after GC invocations=53 (full 0):
 garbage-first heap   total 264192K, used 153856K [0x0000000080000000, 0x0000000100000000)
  region size 1024K, 2 young (2048K), 2 survivors (2048K)
 Metaspace       used 96335K, capacity 98591K, committed 98640K, reserved 1134592K
  class space    used 12561K, capacity 13474K, committed 13516K, reserved 1048576K
}
Event: 33.894 GC heap before
{Heap before GC invocations=53 (full 0):
 garbage-first heap   total 264192K, used 183552K [0x0000000080000000, 0x0000000100000000)
  region size 1024K, 31 young (31744K), 2 survivors (2048K)
 Metaspace       used 96377K, capacity 98659K, committed 98896K, reserved 1134592K
  class space    used 12561K, capacity 13474K, committed 13516K, reserved 1048576K
}
Event: 33.909 GC heap after
{Heap after GC invocations=54 (full 0):
 garbage-first heap   total 264192K, used 169068K [0x0000000080000000, 0x0000000100000000)
  region size 1024K, 4 young (4096K), 4 survivors (4096K)
 Metaspace       used 96377K, capacity 98659K, committed 98896K, reserved 1134592K
  class space    used 12561K, capacity 13474K, committed 13516K, reserved 1048576K
}
Event: 33.998 GC heap before
{Heap before GC invocations=54 (full 0):
 garbage-first heap   total 264192K, used 193644K [0x0000000080000000, 0x0000000100000000)
  region size 1024K, 29 young (29696K), 4 survivors (4096K)
 Metaspace       used 96377K, capacity 98659K, committed 98896K, reserved 1134592K
  class space    used 12561K, capacity 13474K, committed 13516K, reserved 1048576K
}
Event: 34.012 GC heap after
{Heap after GC invocations=55 (full 0):
 garbage-first heap   total 264192K, used 182532K [0x0000000080000000, 0x0000000100000000)
  region size 1024K, 4 young (4096K), 4 survivors (4096K)
 Metaspace       used 96377K, capacity 98659K, committed 98896K, reserved 1134592K
  class space    used 12561K, capacity 13474K, committed 13516K, reserved 1048576K
}
Event: 35.146 GC heap before
{Heap before GC invocations=56 (full 0):
 garbage-first heap   total 264192K, used 204036K [0x0000000080000000, 0x0000000100000000)
  region size 1024K, 25 young (25600K), 4 survivors (4096K)
 Metaspace       used 98457K, capacity 100838K, committed 101072K, reserved 1136640K
  class space    used 12854K, capacity 13791K, committed 13900K, reserved 1048576K
}
Event: 35.154 GC heap after
{Heap after GC invocations=57 (full 0):
 garbage-first heap   total 264192K, used 186732K [0x0000000080000000, 0x0000000100000000)
  region size 1024K, 4 young (4096K), 4 survivors (4096K)
 Metaspace       used 98457K, capacity 100838K, committed 101072K, reserved 1136640K
  class space    used 12854K, capacity 13791K, committed 13900K, reserved 1048576K
}
Event: 35.380 GC heap before
{Heap before GC invocations=57 (full 0):
 garbage-first heap   total 264192K, used 208236K [0x0000000080000000, 0x0000000100000000)
  region size 1024K, 25 young (25600K), 4 survivors (4096K)
 Metaspace       used 99126K, capacity 101644K, committed 101968K, reserved 1136640K
  class space    used 12957K, capacity 13954K, committed 14028K, reserved 1048576K
}
Event: 35.391 GC heap after
{Heap after GC invocations=58 (full 0):
 garbage-first heap   total 480256K, used 189316K [0x0000000080000000, 0x0000000100000000)
  region size 1024K, 3 young (3072K), 3 survivors (3072K)
 Metaspace       used 99126K, capacity 101644K, committed 101968K, reserved 1136640K
  class space    used 12957K, capacity 13954K, committed 14028K, reserved 1048576K
}
Event: 36.309 GC heap before
{Heap before GC invocations=59 (full 0):
 garbage-first heap   total 480256K, used 279428K [0x0000000080000000, 0x0000000100000000)
  region size 1024K, 94 young (96256K), 3 survivors (3072K)
 Metaspace       used 99916K, capacity 102437K, committed 102864K, reserved 1138688K
  class space    used 12995K, capacity 13967K, committed 14156K, reserved 1048576K
}
Event: 36.370 GC heap after
{Heap after GC invocations=60 (full 0):
 garbage-first heap   total 480256K, used 191688K [0x0000000080000000, 0x0000000100000000)
  region size 1024K, 8 young (8192K), 8 survivors (8192K)
 Metaspace       used 99916K, capacity 102437K, committed 102864K, reserved 1138688K
  class space    used 12995K, capacity 13967K, committed 14156K, reserved 1048576K
}
Event: 37.442 GC heap before
{Heap before GC invocations=60 (full 0):
 garbage-first heap   total 480256K, used 320712K [0x0000000080000000, 0x0000000100000000)
  region size 1024K, 114 young (116736K), 8 survivors (8192K)
 Metaspace       used 100302K, capacity 102890K, committed 103120K, reserved 1138688K
  class space    used 13033K, capacity 14030K, committed 14156K, reserved 1048576K
}
Event: 37.469 GC heap after
{Heap after GC invocations=61 (full 0):
 garbage-first heap   total 480256K, used 225917K [0x0000000080000000, 0x0000000100000000)
  region size 1024K, 15 young (15360K), 15 survivors (15360K)
 Metaspace       used 100302K, capacity 102890K, committed 103120K, reserved 1138688K
  class space    used 13033K, capacity 14030K, committed 14156K, reserved 1048576K
}
Event: 37.809 GC heap before
{Heap before GC invocations=61 (full 0):
 garbage-first heap   total 480256K, used 284285K [0x0000000080000000, 0x0000000100000000)
  region size 1024K, 73 young (74752K), 15 survivors (15360K)
 Metaspace       used 100525K, capacity 103081K, committed 103376K, reserved 1138688K
  class space    used 13052K, capacity 14062K, committed 14156K, reserved 1048576K
}
Event: 37.834 GC heap after
{Heap after GC invocations=62 (full 0):
 garbage-first heap   total 480256K, used 227773K [0x0000000080000000, 0x0000000100000000)
  region size 1024K, 2 young (2048K), 2 survivors (2048K)
 Metaspace       used 100525K, capacity 103081K, committed 103376K, reserved 1138688K
  class space    used 13052K, capacity 14062K, committed 14156K, reserved 1048576K
}
Event: 43.573 GC heap before
{Heap before GC invocations=63 (full 0):
 garbage-first heap   total 480256K, used 346557K [0x0000000080000000, 0x0000000100000000)
  region size 1024K, 104 young (106496K), 2 survivors (2048K)
 Metaspace       used 107324K, capacity 110065K, committed 110160K, reserved 1144832K
  class space    used 13933K, capacity 14981K, committed 15052K, reserved 1048576K
}

